<?xml version="1.0" encoding="UTF-8"?>
<!-- Generated by org.testng.reporters.JUnitReportReporter -->
<testsuite skipped="0" hostname="welcome-PC" name="jking.jking.Trail" tests="1" failures="0" timestamp="27 Aug 2021 16:07:27 GMT" time="87.497" errors="0">
  <testcase name="actt" time="87.497" classname="jking.jking.Trail"/>
</testsuite> <!-- jking.jking.Trail -->
