<?xml version="1.0" encoding="UTF-8"?>
<!-- Generated by org.testng.reporters.JUnitReportReporter -->
<testsuite hostname="Venkatesh" failures="0" tests="1" name="com.eposhybrid.NewTest" time="0.637" errors="0" timestamp="2021-02-26T14:50:10 GMT" skipped="0">
  <testcase classname="com.eposhybrid.NewTest" name="getRowcount" time="0.637"/>
  <system-out/>
</testsuite> <!-- com.eposhybrid.NewTest -->
