<?xml version="1.0" encoding="UTF-8"?>
<!-- Generated by org.testng.reporters.JUnitReportReporter -->
<testsuite hostname="Venkatesh" failures="0" tests="1" name="com.eposhybrid.Traning" time="0.032" errors="0" timestamp="2021-03-19T08:22:38 GMT" skipped="0">
  <testcase classname="com.eposhybrid.Traning" name="comp" time="0.032"/>
  <system-out/>
</testsuite> <!-- com.eposhybrid.Traning -->
