<?xml version="1.0" encoding="UTF-8"?>
<!-- Generated by org.testng.reporters.JUnitReportReporter -->
<testsuite hostname="Venkatesh" failures="0" tests="1" name="com.eposhybrid.Alllf" time="4.613" errors="0" timestamp="2021-03-04T13:43:10 GMT" skipped="0">
  <testcase classname="com.eposhybrid.Alllf" name="lig" time="4.613"/>
  <system-out/>
</testsuite> <!-- com.eposhybrid.Alllf -->
