<?xml version="1.0" encoding="UTF-8"?>
<!-- Generated by org.testng.reporters.JUnitReportReporter -->
<testsuite hostname="Venkatesh" failures="0" tests="1" name="com.eposhybrid.Pratiseeee" time="0.796" errors="0" timestamp="2021-03-05T06:27:14 GMT" skipped="0">
  <testcase classname="com.eposhybrid.Pratiseeee" name="loginTest" time="0.796"/>
  <system-out/>
</testsuite> <!-- com.eposhybrid.Pratiseeee -->
