<?xml version="1.0" encoding="UTF-8"?>
<!-- Generated by org.testng.reporters.JUnitReportReporter -->
<testsuite skipped="0" hostname="welcome-PC" name="com.axis.Notifddddd" tests="1" failures="0" timestamp="2021-02-08T14:46:32 IST" time="19.054" errors="0">
  <testcase name="handleWindows" time="19.054" classname="com.axis.Notifddddd"/>
</testsuite> <!-- com.axis.Notifddddd -->
