<?xml version="1.0" encoding="UTF-8"?>
<!-- Generated by org.testng.reporters.JUnitReportReporter -->
<testsuite hostname="Venkatesh" failures="0" tests="3" name="com.demo.qa.testcases.Loginpagetest" time="34.223" errors="0" timestamp="15 Mar 2021 11:08:26 GMT" skipped="0">
  <testcase classname="com.demo.qa.testcases.Loginpagetest" name="loginTitletest" time="10.599"/>
  <testcase classname="com.demo.qa.testcases.Loginpagetest" name="imagetest" time="12.453"/>
  <testcase classname="com.demo.qa.testcases.Loginpagetest" name="logintest" time="11.171"/>
</testsuite> <!-- com.demo.qa.testcases.Loginpagetest -->
