<?xml version="1.0" encoding="UTF-8"?>
<!-- Generated by org.testng.reporters.JUnitReportReporter -->
<testsuite hostname="Venkatesh" failures="0" tests="2" name="testPages.OrderTypePageTest" time="5.787" errors="0" timestamp="26 Mar 2021 13:32:55 GMT" skipped="0">
  <testcase classname="testPages.OrderTypePageTest" name="Verify_clickOnCollections" time="0.708"/>
  <testcase classname="testPages.OrderTypePageTest" name="verify_Proceed" time="5.079"/>
</testsuite> <!-- testPages.OrderTypePageTest -->
