<?xml version="1.0" encoding="UTF-8"?>
<!-- Generated by org.testng.reporters.JUnitReportReporter -->
<testsuite hostname="Venkatesh" failures="0" tests="1" name="utils.LoginTest" time="1.345" errors="0" timestamp="24 Mar 2021 10:45:20 GMT" skipped="0">
  <testcase classname="utils.LoginTest" name="validlogin" time="1.345"/>
</testsuite> <!-- utils.LoginTest -->
