<?xml version="1.0" encoding="UTF-8"?>
<!-- Generated by org.testng.reporters.JUnitReportReporter -->
<testsuite hostname="Venkatesh" failures="0" tests="2" name="utils.Prefer" time="11.774" errors="0" timestamp="24 Mar 2021 12:08:08 GMT" skipped="0">
  <testcase classname="utils.Prefer" name="test1" time="10.410"/>
  <testcase classname="utils.Prefer" name="validlogin" time="1.364"/>
</testsuite> <!-- utils.Prefer -->
